!SESSION 2020-03-14 22:02:21.710 -----------------------------------------------
eclipse.buildId=4.6.3.M20170301-0400
java.version=1.8.0_221
java.vendor=Oracle Corporation
BootLoader constants: OS=win32, ARCH=x86_64, WS=win32, NL=en_US
Framework arguments:  -product org.eclipse.epp.package.java.product
Command-line arguments:  -os win32 -ws win32 -arch x86_64 -product org.eclipse.epp.package.java.product

!ENTRY org.eclipse.egit.ui 2 0 2020-03-14 22:02:44.937
!MESSAGE Warning: The environment variable HOME is not set. The following directory will be used to store the Git
user global configuration and to define the default location to store repositories: 'C:\Users\Madiraju'. If this is
not correct please set the HOME environment variable and restart Eclipse. Otherwise Git for Windows and
EGit might behave differently since they see different configuration options.
This warning can be switched off on the Team > Git > Confirmations and Warnings preference page.

!ENTRY org.eclipse.epp.logging.aeri.ide 2 17 2020-03-14 22:02:49.686
!MESSAGE Server ‘org.eclipse.epp.logging.aeri.ide.server’ failed with exception: java.lang.IllegalStateException: Expected BEGIN_OBJECT but was STRING at line 1 column 1. ; version: 2.0.4.v20170307-1435
!STACK 0
com.google.gson.JsonSyntaxException: java.lang.IllegalStateException: Expected BEGIN_OBJECT but was STRING at line 1 column 1
	at com.google.gson.internal.bind.ReflectiveTypeAdapterFactory$Adapter.read(ReflectiveTypeAdapterFactory.java:176)
	at com.google.gson.Gson.fromJson(Gson.java:803)
	at com.google.gson.Gson.fromJson(Gson.java:768)
	at com.google.gson.Gson.fromJson(Gson.java:717)
	at org.eclipse.epp.internal.logging.aeri.ide.server.json.Json.deserialize(Json.java:93)
	at org.eclipse.epp.internal.logging.aeri.ide.server.mars.IO.refreshConfiguration(IO.java:70)
	at org.eclipse.epp.internal.logging.aeri.ide.server.mars.ServerConnection.startUp(ServerConnection.java:124)
	at com.google.common.util.concurrent.AbstractIdleService$2$1.run(AbstractIdleService.java:54)
	at com.google.common.util.concurrent.Callables$3.run(Callables.java:93)
	at java.lang.Thread.run(Unknown Source)
Caused by: java.lang.IllegalStateException: Expected BEGIN_OBJECT but was STRING at line 1 column 1
	at com.google.gson.stream.JsonReader.beginObject(JsonReader.java:374)
	at com.google.gson.internal.bind.ReflectiveTypeAdapterFactory$Adapter.read(ReflectiveTypeAdapterFactory.java:165)
	... 9 more
!SESSION 2020-03-28 15:38:20.401 -----------------------------------------------
eclipse.buildId=4.6.3.M20170301-0400
java.version=1.8.0_221
java.vendor=Oracle Corporation
BootLoader constants: OS=win32, ARCH=x86_64, WS=win32, NL=en_US
Framework arguments:  -product org.eclipse.epp.package.java.product -product org.eclipse.epp.package.java.product
Command-line arguments:  -os win32 -ws win32 -arch x86_64 -product org.eclipse.epp.package.java.product -data C:\Users\Madiraju\Downloads\dynamic-rules-engine-poc (3)\dynamic-rules-engine-poc -product org.eclipse.epp.package.java.product

!ENTRY org.eclipse.egit.ui 2 0 2020-03-28 15:38:37.636
!MESSAGE Warning: The environment variable HOME is not set. The following directory will be used to store the Git
user global configuration and to define the default location to store repositories: 'C:\Users\Madiraju'. If this is
not correct please set the HOME environment variable and restart Eclipse. Otherwise Git for Windows and
EGit might behave differently since they see different configuration options.
This warning can be switched off on the Team > Git > Confirmations and Warnings preference page.

!ENTRY org.eclipse.epp.logging.aeri.ide 2 17 2020-03-28 15:38:40.503
!MESSAGE Server ‘org.eclipse.epp.logging.aeri.ide.server’ failed with exception: java.lang.IllegalStateException: Expected BEGIN_OBJECT but was STRING at line 1 column 1. ; version: 2.0.4.v20170307-1435
!STACK 0
com.google.gson.JsonSyntaxException: java.lang.IllegalStateException: Expected BEGIN_OBJECT but was STRING at line 1 column 1
	at com.google.gson.internal.bind.ReflectiveTypeAdapterFactory$Adapter.read(ReflectiveTypeAdapterFactory.java:176)
	at com.google.gson.Gson.fromJson(Gson.java:803)
	at com.google.gson.Gson.fromJson(Gson.java:768)
	at com.google.gson.Gson.fromJson(Gson.java:717)
	at org.eclipse.epp.internal.logging.aeri.ide.server.json.Json.deserialize(Json.java:93)
	at org.eclipse.epp.internal.logging.aeri.ide.server.mars.IO.refreshConfiguration(IO.java:70)
	at org.eclipse.epp.internal.logging.aeri.ide.server.mars.ServerConnection.startUp(ServerConnection.java:124)
	at com.google.common.util.concurrent.AbstractIdleService$2$1.run(AbstractIdleService.java:54)
	at com.google.common.util.concurrent.Callables$3.run(Callables.java:93)
	at java.lang.Thread.run(Unknown Source)
Caused by: java.lang.IllegalStateException: Expected BEGIN_OBJECT but was STRING at line 1 column 1
	at com.google.gson.stream.JsonReader.beginObject(JsonReader.java:374)
	at com.google.gson.internal.bind.ReflectiveTypeAdapterFactory$Adapter.read(ReflectiveTypeAdapterFactory.java:165)
	... 9 more
!SESSION 2020-04-11 18:02:20.900 -----------------------------------------------
eclipse.buildId=4.6.3.M20170301-0400
java.version=1.8.0_221
java.vendor=Oracle Corporation
BootLoader constants: OS=win32, ARCH=x86_64, WS=win32, NL=en_US
Framework arguments:  -product org.eclipse.epp.package.java.product
Command-line arguments:  -os win32 -ws win32 -arch x86_64 -product org.eclipse.epp.package.java.product

!ENTRY org.eclipse.egit.ui 2 0 2020-04-11 18:02:45.780
!MESSAGE Warning: The environment variable HOME is not set. The following directory will be used to store the Git
user global configuration and to define the default location to store repositories: 'C:\Users\Madiraju'. If this is
not correct please set the HOME environment variable and restart Eclipse. Otherwise Git for Windows and
EGit might behave differently since they see different configuration options.
This warning can be switched off on the Team > Git > Confirmations and Warnings preference page.

!ENTRY org.eclipse.epp.logging.aeri.ide 2 17 2020-04-11 18:02:48.100
!MESSAGE Server ‘org.eclipse.epp.logging.aeri.ide.server’ failed with exception: java.lang.IllegalStateException: Expected BEGIN_OBJECT but was STRING at line 1 column 1. ; version: 2.0.4.v20170307-1435
!STACK 0
com.google.gson.JsonSyntaxException: java.lang.IllegalStateException: Expected BEGIN_OBJECT but was STRING at line 1 column 1
	at com.google.gson.internal.bind.ReflectiveTypeAdapterFactory$Adapter.read(ReflectiveTypeAdapterFactory.java:176)
	at com.google.gson.Gson.fromJson(Gson.java:803)
	at com.google.gson.Gson.fromJson(Gson.java:768)
	at com.google.gson.Gson.fromJson(Gson.java:717)
	at org.eclipse.epp.internal.logging.aeri.ide.server.json.Json.deserialize(Json.java:93)
	at org.eclipse.epp.internal.logging.aeri.ide.server.mars.IO.refreshConfiguration(IO.java:70)
	at org.eclipse.epp.internal.logging.aeri.ide.server.mars.ServerConnection.startUp(ServerConnection.java:124)
	at com.google.common.util.concurrent.AbstractIdleService$2$1.run(AbstractIdleService.java:54)
	at com.google.common.util.concurrent.Callables$3.run(Callables.java:93)
	at java.lang.Thread.run(Unknown Source)
Caused by: java.lang.IllegalStateException: Expected BEGIN_OBJECT but was STRING at line 1 column 1
	at com.google.gson.stream.JsonReader.beginObject(JsonReader.java:374)
	at com.google.gson.internal.bind.ReflectiveTypeAdapterFactory$Adapter.read(ReflectiveTypeAdapterFactory.java:165)
	... 9 more
!SESSION 2020-04-11 18:03:46.688 -----------------------------------------------
eclipse.buildId=4.6.3.M20170301-0400
java.version=1.8.0_221
java.vendor=Oracle Corporation
BootLoader constants: OS=win32, ARCH=x86_64, WS=win32, NL=en_US
Framework arguments:  -product org.eclipse.epp.package.java.product
Command-line arguments:  -os win32 -ws win32 -arch x86_64 -product org.eclipse.epp.package.java.product

!ENTRY org.eclipse.egit.ui 2 0 2020-04-11 18:04:03.621
!MESSAGE Warning: The environment variable HOME is not set. The following directory will be used to store the Git
user global configuration and to define the default location to store repositories: 'C:\Users\Madiraju'. If this is
not correct please set the HOME environment variable and restart Eclipse. Otherwise Git for Windows and
EGit might behave differently since they see different configuration options.
This warning can be switched off on the Team > Git > Confirmations and Warnings preference page.

!ENTRY org.eclipse.epp.logging.aeri.ide 2 17 2020-04-11 18:04:06.103
!MESSAGE Server ‘org.eclipse.epp.logging.aeri.ide.server’ failed with exception: java.lang.IllegalStateException: Expected BEGIN_OBJECT but was STRING at line 1 column 1. ; version: 2.0.4.v20170307-1435
!STACK 0
com.google.gson.JsonSyntaxException: java.lang.IllegalStateException: Expected BEGIN_OBJECT but was STRING at line 1 column 1
	at com.google.gson.internal.bind.ReflectiveTypeAdapterFactory$Adapter.read(ReflectiveTypeAdapterFactory.java:176)
	at com.google.gson.Gson.fromJson(Gson.java:803)
	at com.google.gson.Gson.fromJson(Gson.java:768)
	at com.google.gson.Gson.fromJson(Gson.java:717)
	at org.eclipse.epp.internal.logging.aeri.ide.server.json.Json.deserialize(Json.java:93)
	at org.eclipse.epp.internal.logging.aeri.ide.server.mars.IO.refreshConfiguration(IO.java:70)
	at org.eclipse.epp.internal.logging.aeri.ide.server.mars.ServerConnection.startUp(ServerConnection.java:124)
	at com.google.common.util.concurrent.AbstractIdleService$2$1.run(AbstractIdleService.java:54)
	at com.google.common.util.concurrent.Callables$3.run(Callables.java:93)
	at java.lang.Thread.run(Unknown Source)
Caused by: java.lang.IllegalStateException: Expected BEGIN_OBJECT but was STRING at line 1 column 1
	at com.google.gson.stream.JsonReader.beginObject(JsonReader.java:374)
	at com.google.gson.internal.bind.ReflectiveTypeAdapterFactory$Adapter.read(ReflectiveTypeAdapterFactory.java:165)
	... 9 more
!SESSION 2020-04-11 18:05:46.423 -----------------------------------------------
eclipse.buildId=4.6.3.M20170301-0400
java.version=1.8.0_221
java.vendor=Oracle Corporation
BootLoader constants: OS=win32, ARCH=x86_64, WS=win32, NL=en_US
Framework arguments:  -product org.eclipse.epp.package.java.product -product org.eclipse.epp.package.java.product
Command-line arguments:  -os win32 -ws win32 -arch x86_64 -product org.eclipse.epp.package.java.product -data C:\Users\Madiraju\Downloads\dynamic-rules-engine-poc (3)\dynamic-rules-engine-poc -product org.eclipse.epp.package.java.product

!ENTRY org.eclipse.egit.ui 2 0 2020-04-11 18:06:02.762
!MESSAGE Warning: The environment variable HOME is not set. The following directory will be used to store the Git
user global configuration and to define the default location to store repositories: 'C:\Users\Madiraju'. If this is
not correct please set the HOME environment variable and restart Eclipse. Otherwise Git for Windows and
EGit might behave differently since they see different configuration options.
This warning can be switched off on the Team > Git > Confirmations and Warnings preference page.

!ENTRY org.eclipse.epp.logging.aeri.ide 2 17 2020-04-11 18:06:04.958
!MESSAGE Server ‘org.eclipse.epp.logging.aeri.ide.server’ failed with exception: java.lang.IllegalStateException: Expected BEGIN_OBJECT but was STRING at line 1 column 1. ; version: 2.0.4.v20170307-1435
!STACK 0
com.google.gson.JsonSyntaxException: java.lang.IllegalStateException: Expected BEGIN_OBJECT but was STRING at line 1 column 1
	at com.google.gson.internal.bind.ReflectiveTypeAdapterFactory$Adapter.read(ReflectiveTypeAdapterFactory.java:176)
	at com.google.gson.Gson.fromJson(Gson.java:803)
	at com.google.gson.Gson.fromJson(Gson.java:768)
	at com.google.gson.Gson.fromJson(Gson.java:717)
	at org.eclipse.epp.internal.logging.aeri.ide.server.json.Json.deserialize(Json.java:93)
	at org.eclipse.epp.internal.logging.aeri.ide.server.mars.IO.refreshConfiguration(IO.java:70)
	at org.eclipse.epp.internal.logging.aeri.ide.server.mars.ServerConnection.startUp(ServerConnection.java:124)
	at com.google.common.util.concurrent.AbstractIdleService$2$1.run(AbstractIdleService.java:54)
	at com.google.common.util.concurrent.Callables$3.run(Callables.java:93)
	at java.lang.Thread.run(Unknown Source)
Caused by: java.lang.IllegalStateException: Expected BEGIN_OBJECT but was STRING at line 1 column 1
	at com.google.gson.stream.JsonReader.beginObject(JsonReader.java:374)
	at com.google.gson.internal.bind.ReflectiveTypeAdapterFactory$Adapter.read(ReflectiveTypeAdapterFactory.java:165)
	... 9 more
!SESSION 2020-04-17 15:54:42.359 -----------------------------------------------
eclipse.buildId=4.6.3.M20170301-0400
java.version=1.8.0_221
java.vendor=Oracle Corporation
BootLoader constants: OS=win32, ARCH=x86_64, WS=win32, NL=en_US
Framework arguments:  -product org.eclipse.epp.package.java.product
Command-line arguments:  -os win32 -ws win32 -arch x86_64 -product org.eclipse.epp.package.java.product

!ENTRY org.eclipse.egit.ui 2 0 2020-04-17 15:55:29.009
!MESSAGE Warning: The environment variable HOME is not set. The following directory will be used to store the Git
user global configuration and to define the default location to store repositories: 'C:\Users\Madiraju'. If this is
not correct please set the HOME environment variable and restart Eclipse. Otherwise Git for Windows and
EGit might behave differently since they see different configuration options.
This warning can be switched off on the Team > Git > Confirmations and Warnings preference page.

!ENTRY org.eclipse.epp.logging.aeri.ide 2 17 2020-04-17 15:55:33.343
!MESSAGE Server ‘org.eclipse.epp.logging.aeri.ide.server’ failed with exception: java.lang.IllegalStateException: Expected BEGIN_OBJECT but was STRING at line 1 column 1. ; version: 2.0.4.v20170307-1435
!STACK 0
com.google.gson.JsonSyntaxException: java.lang.IllegalStateException: Expected BEGIN_OBJECT but was STRING at line 1 column 1
	at com.google.gson.internal.bind.ReflectiveTypeAdapterFactory$Adapter.read(ReflectiveTypeAdapterFactory.java:176)
	at com.google.gson.Gson.fromJson(Gson.java:803)
	at com.google.gson.Gson.fromJson(Gson.java:768)
	at com.google.gson.Gson.fromJson(Gson.java:717)
	at org.eclipse.epp.internal.logging.aeri.ide.server.json.Json.deserialize(Json.java:93)
	at org.eclipse.epp.internal.logging.aeri.ide.server.mars.IO.refreshConfiguration(IO.java:70)
	at org.eclipse.epp.internal.logging.aeri.ide.server.mars.ServerConnection.startUp(ServerConnection.java:124)
	at com.google.common.util.concurrent.AbstractIdleService$2$1.run(AbstractIdleService.java:54)
	at com.google.common.util.concurrent.Callables$3.run(Callables.java:93)
	at java.lang.Thread.run(Unknown Source)
Caused by: java.lang.IllegalStateException: Expected BEGIN_OBJECT but was STRING at line 1 column 1
	at com.google.gson.stream.JsonReader.beginObject(JsonReader.java:374)
	at com.google.gson.internal.bind.ReflectiveTypeAdapterFactory$Adapter.read(ReflectiveTypeAdapterFactory.java:165)
	... 9 more
